TN:
SF:/Users/kimeric/Desktop/cs408/Rally/src/components/account/accInfo.vue
FN:118,(anonymous_0)
FN:119,(anonymous_1)
FN:152,(anonymous_2)
FN:155,(anonymous_3)
FN:185,(anonymous_4)
FNF:5
FNH:0
FNDA:0,(anonymous_0)
FNDA:0,(anonymous_1)
FNDA:0,(anonymous_2)
FNDA:0,(anonymous_3)
FNDA:0,(anonymous_4)
DA:94,6
DA:108,6
DA:109,6
DA:110,0
DA:113,6
DA:116,6
DA:117,0
DA:118,0
DA:119,0
DA:120,0
DA:121,0
DA:122,0
DA:123,0
DA:124,0
DA:125,0
DA:137,0
DA:138,0
DA:141,0
DA:142,0
DA:146,0
DA:147,0
DA:149,0
DA:150,0
DA:151,0
DA:152,0
DA:153,0
DA:154,0
DA:156,0
DA:158,0
DA:159,0
DA:164,0
DA:165,0
DA:168,0
DA:169,0
DA:170,0
DA:171,0
DA:172,0
DA:173,0
DA:176,0
DA:179,0
DA:180,0
DA:181,0
DA:182,0
DA:184,0
DA:185,0
DA:186,0
DA:188,0
DA:189,0
LF:48
LH:5
BRDA:116,0,0,0
BRDA:116,0,1,6
BRDA:120,1,0,0
BRDA:120,1,1,0
BRDA:181,2,0,0
BRDA:181,2,1,0
BRF:6
BRH:1
end_of_record
TN:
SF:/Users/kimeric/Desktop/cs408/Rally/src/main.js
FN:36,(anonymous_0)
FNF:1
FNH:1
FNDA:2,(anonymous_0)
DA:17,1
DA:18,1
DA:19,1
DA:20,1
DA:21,1
DA:23,1
DA:25,1
DA:28,1
DA:33,1
DA:36,2
DA:38,1
LF:11
LH:11
BRF:0
BRH:0
end_of_record
TN:
SF:/Users/kimeric/Desktop/cs408/Rally/src/App.vue
FNF:0
FNH:0
DA:22,1
LF:1
LH:1
BRF:0
BRH:0
end_of_record
TN:
SF:/Users/kimeric/Desktop/cs408/Rally/src/components/marginals/header.vue
FN:111,(anonymous_0)
FN:125,(anonymous_1)
FNF:2
FNH:0
FNDA:0,(anonymous_0)
FNDA:0,(anonymous_1)
DA:85,1
DA:111,1
DA:112,0
DA:121,0
DA:122,0
DA:123,0
DA:124,0
DA:125,0
DA:126,0
DA:127,0
DA:128,0
LF:11
LH:2
BRDA:121,0,0,0
BRDA:121,0,1,0
BRF:2
BRH:0
end_of_record
TN:
SF:/Users/kimeric/Desktop/cs408/Rally/src/components/marginals/footer.vue
FNF:0
FNH:0
DA:14,1
LF:1
LH:1
BRF:0
BRH:0
end_of_record
TN:
SF:/Users/kimeric/Desktop/cs408/Rally/src/router/index.js
FNF:0
FNH:0
LF:0
LH:0
BRF:0
BRH:0
end_of_record
TN:
SF:/Users/kimeric/Desktop/cs408/Rally/src/components/entry/signin.vue
FN:111,(anonymous_0)
FN:115,(anonymous_1)
FN:122,(anonymous_2)
FN:124,(anonymous_3)
FN:131,(anonymous_4)
FN:141,(anonymous_5)
FN:154,(anonymous_6)
FN:162,(anonymous_7)
FN:173,(anonymous_8)
FN:181,(anonymous_9)
FNF:10
FNH:0
FNDA:0,(anonymous_0)
FNDA:0,(anonymous_1)
FNDA:0,(anonymous_2)
FNDA:0,(anonymous_3)
FNDA:0,(anonymous_4)
FNDA:0,(anonymous_5)
FNDA:0,(anonymous_6)
FNDA:0,(anonymous_7)
FNDA:0,(anonymous_8)
FNDA:0,(anonymous_9)
DA:101,6
DA:110,2
DA:111,2
DA:112,0
DA:113,0
DA:114,0
DA:116,0
DA:117,0
DA:122,0
DA:123,0
DA:125,0
DA:130,0
DA:131,0
DA:133,0
DA:135,0
DA:139,0
DA:140,0
DA:143,0
DA:144,0
DA:146,0
DA:148,0
DA:153,0
DA:154,0
DA:155,0
DA:156,0
DA:157,0
DA:158,0
DA:159,0
DA:160,0
DA:161,0
DA:163,0
DA:164,0
DA:165,0
DA:166,0
DA:172,0
DA:173,0
DA:174,0
DA:175,0
DA:176,0
DA:177,0
DA:178,0
DA:179,0
DA:180,0
DA:182,0
DA:183,0
DA:184,0
DA:185,0
LF:47
LH:3
BRF:0
BRH:0
end_of_record
TN:
SF:/Users/kimeric/Desktop/cs408/Rally/src/components/entry/register.vue
FN:130,(anonymous_0)
FN:131,(anonymous_1)
FN:135,(anonymous_2)
FN:136,(anonymous_3)
FN:140,(anonymous_4)
FN:141,(anonymous_5)
FN:147,(anonymous_6)
FN:148,(anonymous_7)
FN:163,(anonymous_8)
FN:172,(anonymous_9)
FN:178,(anonymous_10)
FN:196,(anonymous_11)
FN:209,(anonymous_12)
FN:216,(anonymous_13)
FN:231,(anonymous_14)
FN:244,(anonymous_15)
FN:251,(anonymous_16)
FN:266,(anonymous_17)
FN:279,(anonymous_18)
FN:286,(anonymous_19)
FNF:20
FNH:8
FNDA:6,(anonymous_0)
FNDA:6,(anonymous_1)
FNDA:6,(anonymous_2)
FNDA:6,(anonymous_3)
FNDA:6,(anonymous_4)
FNDA:6,(anonymous_5)
FNDA:6,(anonymous_6)
FNDA:6,(anonymous_7)
FNDA:0,(anonymous_8)
FNDA:0,(anonymous_9)
FNDA:0,(anonymous_10)
FNDA:0,(anonymous_11)
FNDA:0,(anonymous_12)
FNDA:0,(anonymous_13)
FNDA:0,(anonymous_14)
FNDA:0,(anonymous_15)
FNDA:0,(anonymous_16)
FNDA:0,(anonymous_17)
FNDA:0,(anonymous_18)
FNDA:0,(anonymous_19)
DA:127,5
DA:130,6
DA:131,6
DA:135,6
DA:136,6
DA:140,6
DA:141,6
DA:147,6
DA:148,6
DA:156,6
DA:162,1
DA:163,1
DA:164,0
DA:165,0
DA:170,0
DA:171,0
DA:172,0
DA:175,0
DA:176,0
DA:177,0
DA:179,0
DA:180,0
DA:181,0
DA:188,0
DA:192,0
DA:195,0
DA:196,0
DA:198,0
DA:200,0
DA:201,0
DA:202,0
DA:207,0
DA:208,0
DA:209,0
DA:210,0
DA:212,0
DA:213,0
DA:214,0
DA:218,0
DA:219,0
DA:220,0
DA:221,0
DA:223,0
DA:225,0
DA:230,0
DA:231,0
DA:233,0
DA:235,0
DA:236,0
DA:237,0
DA:242,0
DA:243,0
DA:244,0
DA:245,0
DA:247,0
DA:248,0
DA:249,0
DA:252,0
DA:253,0
DA:255,0
DA:256,0
DA:258,0
DA:260,0
DA:265,0
DA:266,0
DA:268,0
DA:270,0
DA:271,0
DA:272,0
DA:277,0
DA:278,0
DA:279,0
DA:280,0
DA:282,0
DA:284,0
DA:285,0
DA:287,0
DA:288,0
DA:290,0
DA:291,0
DA:293,0
DA:295,0
LF:82
LH:12
BRDA:130,0,0,6
BRDA:130,0,1,5
BRDA:131,1,0,6
BRDA:131,1,1,1
BRDA:131,1,2,5
BRDA:135,2,0,6
BRDA:135,2,1,5
BRDA:136,3,0,6
BRDA:136,3,1,1
BRDA:136,3,2,5
BRDA:140,4,0,6
BRDA:140,4,1,5
BRDA:141,5,0,6
BRDA:141,5,1,1
BRDA:141,5,2,5
BRDA:147,6,0,6
BRDA:147,6,1,5
BRDA:148,7,0,6
BRDA:148,7,1,5
BRDA:156,8,0,0
BRDA:156,8,1,6
BRDA:162,9,0,1
BRDA:162,9,1,0
BRF:23
BRH:21
end_of_record
TN:
SF:/Users/kimeric/Desktop/cs408/Rally/src/components/account/registerMeet.vue
FN:58,(anonymous_0)
FN:59,(anonymous_1)
FN:65,(anonymous_2)
FN:66,(anonymous_3)
FN:69,(anonymous_4)
FN:72,(anonymous_5)
FN:78,(anonymous_6)
FNF:7
FNH:0
FNDA:0,(anonymous_0)
FNDA:0,(anonymous_1)
FNDA:0,(anonymous_2)
FNDA:0,(anonymous_3)
FNDA:0,(anonymous_4)
FNDA:0,(anonymous_5)
FNDA:0,(anonymous_6)
DA:38,0
DA:46,0
DA:47,0
DA:48,0
DA:51,0
DA:54,0
DA:56,0
DA:57,0
DA:58,0
DA:59,0
DA:60,0
DA:61,0
DA:62,0
DA:63,0
DA:65,0
DA:66,0
DA:67,0
DA:68,0
DA:69,0
DA:70,0
DA:74,0
DA:75,0
DA:78,0
DA:79,0
DA:80,0
DA:100,0
LF:26
LH:0
BRDA:54,0,0,0
BRDA:54,0,1,0
BRDA:60,1,0,0
BRDA:60,1,1,0
BRF:4
BRH:0
end_of_record
TN:
SF:/Users/kimeric/Desktop/cs408/Rally/src/components/otherItems/donate.vue
FNF:0
FNH:0
DA:58,1
DA:70,0
DA:71,0
DA:72,0
DA:75,0
DA:83,1
DA:84,1
DA:85,0
DA:88,1
LF:9
LH:4
BRDA:71,0,0,0
BRDA:71,0,1,0
BRF:2
BRH:0
end_of_record
TN:
SF:/Users/kimeric/Desktop/cs408/Rally/src/components/otherItems/invite.vue
FN:48,(anonymous_0)
FN:49,(anonymous_1)
FNF:2
FNH:0
FNDA:0,(anonymous_0)
FNDA:0,(anonymous_1)
DA:45,1
DA:48,0
DA:49,0
DA:58,0
DA:59,0
DA:62,0
DA:67,1
DA:68,1
DA:69,0
DA:72,1
LF:10
LH:4
BRDA:48,0,0,0
BRDA:48,0,1,0
BRDA:49,1,0,0
BRDA:49,1,1,0
BRDA:49,1,2,0
BRDA:59,2,0,0
BRDA:59,2,1,0
BRF:7
BRH:0
end_of_record
TN:
SF:/Users/kimeric/Desktop/cs408/Rally/src/components/otherItems/report.vue
FN:58,(anonymous_0)
FN:62,(anonymous_1)
FN:63,(anonymous_2)
FNF:3
FNH:0
FNDA:0,(anonymous_0)
FNDA:0,(anonymous_1)
FNDA:0,(anonymous_2)
DA:54,1
DA:58,0
DA:62,0
DA:63,0
DA:73,0
DA:74,0
DA:75,0
DA:76,0
DA:77,0
DA:81,1
DA:82,1
DA:83,0
DA:86,1
LF:13
LH:4
BRDA:58,0,0,0
BRDA:58,0,1,0
BRDA:62,1,0,0
BRDA:62,1,1,0
BRDA:63,2,0,0
BRDA:63,2,1,0
BRDA:63,2,2,0
BRF:7
BRH:0
end_of_record
TN:
SF:/Users/kimeric/Desktop/cs408/Rally/src/components/account/create.vue
FN:138,(anonymous_0)
FN:143,(anonymous_1)
FN:146,(anonymous_2)
FN:156,(anonymous_3)
FN:157,(anonymous_4)
FN:160,(anonymous_5)
FN:179,(anonymous_6)
FN:198,(anonymous_7)
FN:199,(anonymous_8)
FNF:9
FNH:0
FNDA:0,(anonymous_0)
FNDA:0,(anonymous_1)
FNDA:0,(anonymous_2)
FNDA:0,(anonymous_3)
FNDA:0,(anonymous_4)
FNDA:0,(anonymous_5)
FNDA:0,(anonymous_6)
FNDA:0,(anonymous_7)
FNDA:0,(anonymous_8)
DA:102,0
DA:130,0
DA:132,0
DA:135,0
DA:136,0
DA:137,0
DA:138,0
DA:140,0
DA:141,0
DA:142,0
DA:143,0
DA:144,0
DA:145,0
DA:147,0
DA:149,0
DA:150,0
DA:154,0
DA:155,0
DA:156,0
DA:157,0
DA:158,0
DA:159,0
DA:160,0
DA:163,0
DA:166,0
DA:170,0
DA:173,0
DA:174,0
DA:175,0
DA:176,0
DA:178,0
DA:179,0
DA:180,0
DA:182,0
DA:183,0
DA:188,0
DA:189,0
DA:190,0
DA:193,0
DA:196,0
DA:197,0
DA:198,0
DA:199,0
DA:200,0
DA:201,0
DA:202,0
LF:46
LH:0
BRDA:130,0,0,0
BRDA:130,0,1,0
BRDA:130,1,0,0
BRDA:130,1,1,0
BRDA:158,2,0,0
BRDA:158,2,1,0
BRDA:175,3,0,0
BRDA:175,3,1,0
BRDA:196,4,0,0
BRDA:196,4,1,0
BRDA:200,5,0,0
BRDA:200,5,1,0
BRF:12
BRH:0
end_of_record
TN:
SF:/Users/kimeric/Desktop/cs408/Rally/src/components/account/home.vue
FN:54,(anonymous_0)
FN:55,(anonymous_1)
FNF:2
FNH:0
FNDA:0,(anonymous_0)
FNDA:0,(anonymous_1)
DA:35,0
DA:43,0
DA:44,0
DA:45,0
DA:48,0
DA:51,0
DA:52,0
DA:53,0
DA:54,0
DA:55,0
DA:56,0
DA:57,0
DA:67,0
LF:13
LH:0
BRDA:51,0,0,0
BRDA:51,0,1,0
BRF:2
BRH:0
end_of_record
TN:
SF:/Users/kimeric/Desktop/cs408/Rally/src/components/account/orgMeets.vue
FN:108,(anonymous_0)
FN:109,(anonymous_1)
FN:117,(anonymous_2)
FN:118,(anonymous_3)
FN:120,(anonymous_4)
FN:152,(anonymous_5)
FN:153,(anonymous_6)
FN:157,(anonymous_7)
FN:158,(anonymous_8)
FNF:9
FNH:0
FNDA:0,(anonymous_0)
FNDA:0,(anonymous_1)
FNDA:0,(anonymous_2)
FNDA:0,(anonymous_3)
FNDA:0,(anonymous_4)
FNDA:0,(anonymous_5)
FNDA:0,(anonymous_6)
FNDA:0,(anonymous_7)
FNDA:0,(anonymous_8)
DA:88,0
DA:97,0
DA:98,0
DA:99,0
DA:102,0
DA:106,0
DA:107,0
DA:108,0
DA:109,0
DA:110,0
DA:111,0
DA:114,0
DA:115,0
DA:117,0
DA:118,0
DA:119,0
DA:120,0
DA:121,0
DA:122,0
DA:123,0
DA:138,0
DA:141,0
DA:142,0
DA:149,0
DA:150,0
DA:151,0
DA:152,0
DA:153,0
DA:154,0
DA:155,0
DA:157,0
DA:158,0
DA:160,0
DA:162,0
DA:163,0
DA:176,0
LF:36
LH:0
BRDA:106,0,0,0
BRDA:106,0,1,0
BRDA:110,1,0,0
BRDA:110,1,1,0
BRDA:160,2,0,0
BRDA:160,2,1,0
BRF:6
BRH:0
end_of_record
TN:
SF:/Users/kimeric/Desktop/cs408/Rally/src/components/meet/viewMeet.vue
FN:94,(anonymous_0)
FN:110,(anonymous_1)
FN:112,(anonymous_2)
FN:113,(anonymous_3)
FN:117,(anonymous_4)
FN:118,(anonymous_5)
FN:131,(anonymous_6)
FN:132,(anonymous_7)
FN:157,(anonymous_8)
FN:158,(anonymous_9)
FN:161,(anonymous_10)
FN:169,(anonymous_11)
FN:185,(anonymous_12)
FN:186,(anonymous_13)
FN:192,(anonymous_14)
FN:193,(anonymous_15)
FN:206,(anonymous_16)
FNF:17
FNH:0
FNDA:0,(anonymous_0)
FNDA:0,(anonymous_1)
FNDA:0,(anonymous_2)
FNDA:0,(anonymous_3)
FNDA:0,(anonymous_4)
FNDA:0,(anonymous_5)
FNDA:0,(anonymous_6)
FNDA:0,(anonymous_7)
FNDA:0,(anonymous_8)
FNDA:0,(anonymous_9)
FNDA:0,(anonymous_10)
FNDA:0,(anonymous_11)
FNDA:0,(anonymous_12)
FNDA:0,(anonymous_13)
FNDA:0,(anonymous_14)
FNDA:0,(anonymous_15)
FNDA:0,(anonymous_16)
DA:63,0
DA:83,0
DA:84,0
DA:85,0
DA:88,0
DA:91,0
DA:92,0
DA:94,0
DA:96,0
DA:97,0
DA:98,0
DA:99,0
DA:100,0
DA:101,0
DA:102,0
DA:103,0
DA:104,0
DA:105,0
DA:106,0
DA:111,0
DA:112,0
DA:113,0
DA:114,0
DA:115,0
DA:117,0
DA:118,0
DA:119,0
DA:120,0
DA:121,0
DA:122,0
DA:129,0
DA:131,0
DA:132,0
DA:133,0
DA:134,0
DA:154,0
DA:155,0
DA:156,0
DA:157,0
DA:158,0
DA:159,0
DA:160,0
DA:161,0
DA:167,0
DA:168,0
DA:169,0
DA:170,0
DA:171,0
DA:172,0
DA:182,0
DA:184,0
DA:185,0
DA:186,0
DA:187,0
DA:190,0
DA:192,0
DA:193,0
DA:194,0
DA:195,0
DA:196,0
DA:200,0
DA:204,0
DA:205,0
DA:206,0
DA:207,0
DA:208,0
DA:209,0
LF:67
LH:0
BRDA:91,0,0,0
BRDA:91,0,1,0
BRDA:105,1,0,0
BRDA:105,1,1,0
BRDA:114,2,0,0
BRDA:114,2,1,0
BRDA:119,3,0,0
BRDA:119,3,1,0
BRDA:133,4,0,0
BRDA:133,4,1,0
BRDA:159,5,0,0
BRDA:159,5,1,0
BRDA:187,6,0,0
BRDA:187,6,1,0
BRDA:194,7,0,0
BRDA:194,7,1,0
BRF:16
BRH:0
end_of_record
