TN:
SF:D:\Rally\src\components\List.vue
FNF:0
FNH:0
DA:18,2
DA:25,1
DA:26,1
LF:3
LH:3
BRF:0
BRH:0
end_of_record
TN:
SF:D:\Rally\src\components\otherItems\donate.vue
FNF:0
FNH:0
DA:55,1
DA:66,0
DA:67,0
DA:68,0
DA:71,0
LF:5
LH:1
BRDA:67,0,0,0
BRDA:67,0,1,0
BRF:2
BRH:0
end_of_record
TN:
SF:D:\Rally\src\components\otherItems\invite.vue
FNF:0
FNH:0
DA:37,1
DA:43,0
LF:2
LH:1
BRF:0
BRH:0
end_of_record
TN:
SF:D:\Rally\src\components\entry\register.vue
FN:126,(anonymous_0)
FN:127,(anonymous_1)
FN:131,(anonymous_2)
FN:132,(anonymous_3)
FN:136,(anonymous_4)
FN:137,(anonymous_5)
FN:153,(anonymous_6)
FN:163,(anonymous_7)
FN:168,(anonymous_8)
FN:183,(anonymous_9)
FN:196,(anonymous_10)
FN:202,(anonymous_11)
FN:215,(anonymous_12)
FN:228,(anonymous_13)
FN:234,(anonymous_14)
FN:247,(anonymous_15)
FN:260,(anonymous_16)
FN:266,(anonymous_17)
FNF:18
FNH:6
FNDA:5,(anonymous_0)
FNDA:5,(anonymous_1)
FNDA:5,(anonymous_2)
FNDA:5,(anonymous_3)
FNDA:5,(anonymous_4)
FNDA:5,(anonymous_5)
FNDA:0,(anonymous_6)
FNDA:0,(anonymous_7)
FNDA:0,(anonymous_8)
FNDA:0,(anonymous_9)
FNDA:0,(anonymous_10)
FNDA:0,(anonymous_11)
FNDA:0,(anonymous_12)
FNDA:0,(anonymous_13)
FNDA:0,(anonymous_14)
FNDA:0,(anonymous_15)
FNDA:0,(anonymous_16)
FNDA:0,(anonymous_17)
DA:123,5
DA:126,5
DA:127,5
DA:131,5
DA:132,5
DA:136,5
DA:137,5
DA:146,6
DA:152,1
DA:153,1
DA:154,0
DA:155,0
DA:160,0
DA:161,0
DA:162,0
DA:163,0
DA:164,0
DA:166,0
DA:167,0
DA:172,1
DA:175,0
DA:179,0
DA:182,0
DA:183,0
DA:185,0
DA:187,0
DA:188,0
DA:189,0
DA:194,0
DA:195,0
DA:196,0
DA:197,0
DA:199,0
DA:200,0
DA:204,0
DA:205,0
DA:207,0
DA:209,0
DA:214,0
DA:215,0
DA:217,0
DA:219,0
DA:220,0
DA:221,0
DA:226,0
DA:227,0
DA:228,0
DA:229,0
DA:231,0
DA:232,0
DA:236,0
DA:237,0
DA:239,0
DA:241,0
DA:246,0
DA:247,0
DA:249,0
DA:251,0
DA:252,0
DA:253,0
DA:258,0
DA:259,0
DA:260,0
DA:261,0
DA:264,0
DA:265,0
DA:268,0
DA:269,0
DA:271,0
DA:273,0
LF:70
LH:11
BRDA:126,0,0,5
BRDA:126,0,1,5
BRDA:127,1,0,5
BRDA:127,1,1,0
BRDA:127,1,2,5
BRDA:131,2,0,5
BRDA:131,2,1,5
BRDA:132,3,0,5
BRDA:132,3,1,5
BRDA:136,4,0,5
BRDA:136,4,1,5
BRDA:137,5,0,5
BRDA:137,5,1,0
BRDA:137,5,2,5
BRDA:146,6,0,0
BRDA:146,6,1,6
BRDA:152,7,0,1
BRDA:152,7,1,0
BRF:18
BRH:14
end_of_record
TN:
SF:D:\Rally\src\main.js
FN:36,(anonymous_0)
FNF:1
FNH:1
FNDA:2,(anonymous_0)
DA:17,1
DA:18,1
DA:19,1
DA:20,1
DA:21,1
DA:23,1
DA:25,1
DA:28,1
DA:33,1
DA:36,2
DA:38,1
LF:11
LH:11
BRF:0
BRH:0
end_of_record
TN:
SF:D:\Rally\src\App.vue
FNF:0
FNH:0
DA:23,1
LF:1
LH:1
BRF:0
BRH:0
end_of_record
TN:
SF:D:\Rally\src\components\marginals\header.vue
FN:120,(anonymous_0)
FN:130,(anonymous_1)
FNF:2
FNH:0
FNDA:0,(anonymous_0)
FNDA:0,(anonymous_1)
DA:94,1
DA:120,1
DA:121,0
DA:126,0
DA:127,0
DA:128,0
DA:129,0
DA:130,0
DA:131,0
DA:132,0
LF:10
LH:2
BRDA:126,0,0,0
BRDA:126,0,1,0
BRF:2
BRH:0
end_of_record
TN:
SF:D:\Rally\src\components\marginals\footer.vue
FNF:0
FNH:0
DA:14,1
LF:1
LH:1
BRF:0
BRH:0
end_of_record
TN:
SF:D:\Rally\src\router\index.js
FNF:0
FNH:0
LF:0
LH:0
BRF:0
BRH:0
end_of_record
TN:
SF:D:\Rally\src\components\entry\signin.vue
FN:102,(anonymous_0)
FN:106,(anonymous_1)
FN:111,(anonymous_2)
FN:113,(anonymous_3)
FN:119,(anonymous_4)
FN:128,(anonymous_5)
FN:141,(anonymous_6)
FN:148,(anonymous_7)
FN:159,(anonymous_8)
FN:166,(anonymous_9)
FNF:10
FNH:0
FNDA:0,(anonymous_0)
FNDA:0,(anonymous_1)
FNDA:0,(anonymous_2)
FNDA:0,(anonymous_3)
FNDA:0,(anonymous_4)
FNDA:0,(anonymous_5)
FNDA:0,(anonymous_6)
FNDA:0,(anonymous_7)
FNDA:0,(anonymous_8)
FNDA:0,(anonymous_9)
DA:94,5
DA:102,0
DA:103,0
DA:104,0
DA:105,0
DA:107,0
DA:111,0
DA:112,0
DA:114,0
DA:118,0
DA:119,0
DA:121,0
DA:123,0
DA:126,0
DA:127,0
DA:130,0
DA:131,0
DA:133,0
DA:135,0
DA:140,0
DA:141,0
DA:142,0
DA:143,0
DA:144,0
DA:145,0
DA:146,0
DA:147,0
DA:149,0
DA:150,0
DA:151,0
DA:152,0
DA:158,0
DA:159,0
DA:160,0
DA:161,0
DA:162,0
DA:163,0
DA:164,0
DA:165,0
DA:167,0
DA:168,0
DA:169,0
DA:170,0
LF:43
LH:1
BRF:0
BRH:0
end_of_record
TN:
SF:D:\Rally\src\components\account\accInfo.vue
FN:85,(anonymous_0)
FN:86,(anonymous_1)
FNF:2
FNH:0
FNDA:0,(anonymous_0)
FNDA:0,(anonymous_1)
DA:73,0
DA:83,0
DA:84,0
DA:85,0
DA:86,0
DA:87,0
DA:88,0
DA:89,0
DA:90,0
DA:91,0
DA:99,0
DA:100,0
DA:103,0
DA:104,0
DA:108,0
DA:109,0
DA:112,0
DA:113,0
DA:116,0
DA:117,0
DA:118,0
DA:119,0
DA:120,0
DA:121,0
LF:24
LH:0
BRDA:87,0,0,0
BRDA:87,0,1,0
BRF:2
BRH:0
end_of_record
TN:
SF:D:\Rally\src\components\account\registerMeet.vue
FNF:0
FNH:0
DA:81,0
LF:1
LH:0
BRF:0
BRH:0
end_of_record
TN:
SF:D:\Rally\src\components\otherItems\report.vue
FNF:0
FNH:0
DA:46,1
DA:56,0
DA:57,0
DA:58,0
DA:59,0
LF:5
LH:1
BRF:0
BRH:0
end_of_record
TN:
SF:D:\Rally\src\components\account\create.vue
FNF:0
FNH:0
DA:62,0
LF:1
LH:0
BRF:0
BRH:0
end_of_record
TN:
SF:D:\Rally\src\components\account\home.vue
FNF:0
FNH:0
DA:81,0
LF:1
LH:0
BRF:0
BRH:0
end_of_record
TN:
SF:D:\Rally\src\components\account\orgMeets.vue
FNF:0
FNH:0
DA:76,0
LF:1
LH:0
BRF:0
BRH:0
end_of_record
